d:\college stuff\c++\tanksalot\tanksalot\z_delete\tanksalot\debug\vc141.pdb
d:\college stuff\c++\tanksalot\tanksalot\z_delete\tanksalot\debug\vc141.idb
d:\college stuff\c++\tanksalot\tanksalot\z_delete\tanksalot\debug\controllerconfiguration.obj
d:\college stuff\c++\tanksalot\tanksalot\z_delete\tanksalot\debug\octree.obj
d:\college stuff\c++\tanksalot\tanksalot\z_delete\tanksalot\debug\myrigidbody.obj
d:\college stuff\c++\tanksalot\tanksalot\z_delete\tanksalot\debug\myentitymanager.obj
d:\college stuff\c++\tanksalot\tanksalot\z_delete\tanksalot\debug\myentity.obj
d:\college stuff\c++\tanksalot\tanksalot\z_delete\tanksalot\debug\main.obj
d:\college stuff\c++\tanksalot\tanksalot\z_delete\tanksalot\debug\appclassmain.obj
d:\college stuff\c++\tanksalot\tanksalot\z_delete\tanksalot\debug\appclassgui.obj
d:\college stuff\c++\tanksalot\tanksalot\z_delete\tanksalot\debug\appclasscontrols.obj
d:\college stuff\c++\tanksalot\tanksalot\z_delete\tanksalot\debug\appclass.obj
d:\college stuff\c++\tanksalot\tanksalot\z_delete\tanksalot\debug\icon.res
d:\college stuff\c++\tanksalot\tanksalot\z_delete\tanksalot_d.pdb
d:\college stuff\c++\tanksalot\tanksalot\z_delete\tanksalot\debug\tanksalot.tlog\cl.command.1.tlog
d:\college stuff\c++\tanksalot\tanksalot\z_delete\tanksalot\debug\tanksalot.tlog\cl.read.1.tlog
d:\college stuff\c++\tanksalot\tanksalot\z_delete\tanksalot\debug\tanksalot.tlog\cl.write.1.tlog
d:\college stuff\c++\tanksalot\tanksalot\z_delete\tanksalot\debug\tanksalot.tlog\link-cvtres.read.1.tlog
d:\college stuff\c++\tanksalot\tanksalot\z_delete\tanksalot\debug\tanksalot.tlog\link-cvtres.write.1.tlog
d:\college stuff\c++\tanksalot\tanksalot\z_delete\tanksalot\debug\tanksalot.tlog\link-rc.read.1.tlog
d:\college stuff\c++\tanksalot\tanksalot\z_delete\tanksalot\debug\tanksalot.tlog\link-rc.write.1.tlog
d:\college stuff\c++\tanksalot\tanksalot\z_delete\tanksalot\debug\tanksalot.tlog\link.command.1.tlog
d:\college stuff\c++\tanksalot\tanksalot\z_delete\tanksalot\debug\tanksalot.tlog\link.read.1.tlog
d:\college stuff\c++\tanksalot\tanksalot\z_delete\tanksalot\debug\tanksalot.tlog\link.write.1.tlog
d:\college stuff\c++\tanksalot\tanksalot\z_delete\tanksalot\debug\tanksalot.tlog\rc.command.1.tlog
d:\college stuff\c++\tanksalot\tanksalot\z_delete\tanksalot\debug\tanksalot.tlog\rc.read.1.tlog
d:\college stuff\c++\tanksalot\tanksalot\z_delete\tanksalot\debug\tanksalot.tlog\rc.write.1.tlog
